# JRE version: Java(TM) SE Runtime Environment (8.0_131-b11) (build 1.8.0_131-b11)
# Java VM: Java HotSpot(TM) 64-Bit Server VM (25.131-b11 mixed mode linux-amd64 compressed oops)
Heap:
 PSYoungGen      total 268288K, used 10240K [0x000000076cf80000, 0x000000077df80000, 0x00000007c0000000)
  eden space 258048K, 0% used [0x000000076cf80000,0x000000076cf80000,0x000000077cb80000)
  from space 10240K, 100% used [0x000000077cb80000,0x000000077d580000,0x000000077d580000)
  to   space 10240K, 0% used [0x000000077d580000,0x000000077d580000,0x000000077df80000)
 ParOldGen       total 171008K, used 17533K [0x00000006c6e00000, 0x00000006d1500000, 0x000000076cf80000)
  object space 171008K, 10% used [0x00000006c6e00000,0x00000006c7f1f580,0x00000006d1500000)
 Metaspace       used 20512K, capacity 21136K, committed 21296K, reserved 1069056K
  class space    used 2411K, capacity 2582K, committed 2608K, reserved 1048576K
GC Heap History (9 events):
Event: 2.052 GC heap before
{Heap before GC invocations=1 (full 0):
 PSYoungGen      total 74752K, used 64512K [0x000000076cf80000, 0x0000000772280000, 0x00000007c0000000)
  eden space 64512K, 100% used [0x000000076cf80000,0x0000000770e80000,0x0000000770e80000)
  from space 10240K, 0% used [0x0000000771880000,0x0000000771880000,0x0000000772280000)
  to   space 10240K, 0% used [0x0000000770e80000,0x0000000770e80000,0x0000000771880000)
 ParOldGen       total 171008K, used 0K [0x00000006c6e00000, 0x00000006d1500000, 0x000000076cf80000)
  object space 171008K, 0% used [0x00000006c6e00000,0x00000006c6e00000,0x00000006d1500000)
 Metaspace       used 12028K, capacity 12196K, committed 12416K, reserved 1060864K
  class space    used 1514K, capacity 1572K, committed 1664K, reserved 1048576K
Event: 2.095 GC heap after
Heap after GC invocations=1 (full 0):
 PSYoungGen      total 74752K, used 10208K [0x000000076cf80000, 0x0000000776180000, 0x00000007c0000000)
  eden space 64512K, 0% used [0x000000076cf80000,0x000000076cf80000,0x0000000770e80000)
  from space 10240K, 99% used [0x0000000770e80000,0x00000007718780d0,0x0000000771880000)
  to   space 10240K, 0% used [0x0000000775780000,0x0000000775780000,0x0000000776180000)
 ParOldGen       total 171008K, used 177K [0x00000006c6e00000, 0x00000006d1500000, 0x000000076cf80000)
  object space 171008K, 0% used [0x00000006c6e00000,0x00000006c6e2c740,0x00000006d1500000)
 Metaspace       used 12028K, capacity 12196K, committed 12416K, reserved 1060864K
  class space    used 1514K, capacity 1572K, committed 1664K, reserved 1048576K
}
Event: 4.031 GC heap before
{Heap before GC invocations=2 (full 0):
 PSYoungGen      total 74752K, used 74720K [0x000000076cf80000, 0x0000000776180000, 0x00000007c0000000)
  eden space 64512K, 100% used [0x000000076cf80000,0x0000000770e80000,0x0000000770e80000)
  from space 10240K, 99% used [0x0000000770e80000,0x00000007718780d0,0x0000000771880000)
  to   space 10240K, 0% used [0x0000000775780000,0x0000000775780000,0x0000000776180000)
 ParOldGen       total 171008K, used 177K [0x00000006c6e00000, 0x00000006d1500000, 0x000000076cf80000)
  object space 171008K, 0% used [0x00000006c6e00000,0x00000006c6e2c740,0x00000006d1500000)
 Metaspace       used 15827K, capacity 16146K, committed 16384K, reserved 1062912K
  class space    used 1926K, capacity 2039K, committed 2048K, reserved 1048576K
Event: 4.066 GC heap after
Heap after GC invocations=2 (full 0):
 PSYoungGen      total 139264K, used 10199K [0x000000076cf80000, 0x0000000776180000, 0x00000007c0000000)
  eden space 129024K, 0% used [0x000000076cf80000,0x000000076cf80000,0x0000000774d80000)
  from space 10240K, 99% used [0x0000000775780000,0x0000000776175ca8,0x0000000776180000)
  to   space 10240K, 0% used [0x0000000774d80000,0x0000000774d80000,0x0000000775780000)
 ParOldGen       total 171008K, used 257K [0x00000006c6e00000, 0x00000006d1500000, 0x000000076cf80000)
  object space 171008K, 0% used [0x00000006c6e00000,0x00000006c6e405f8,0x00000006d1500000)
 Metaspace       used 15827K, capacity 16146K, committed 16384K, reserved 1062912K
  class space    used 1926K, capacity 2039K, committed 2048K, reserved 1048576K
}
Event: 6.411 GC heap before
{Heap before GC invocations=3 (full 0):
 PSYoungGen      total 139264K, used 139223K [0x000000076cf80000, 0x0000000776180000, 0x00000007c0000000)
  eden space 129024K, 100% used [0x000000076cf80000,0x0000000774d80000,0x0000000774d80000)
  from space 10240K, 99% used [0x0000000775780000,0x0000000776175ca8,0x0000000776180000)
  to   space 10240K, 0% used [0x0000000774d80000,0x0000000774d80000,0x0000000775780000)
 ParOldGen       total 171008K, used 257K [0x00000006c6e00000, 0x00000006d1500000, 0x000000076cf80000)
  object space 171008K, 0% used [0x00000006c6e00000,0x00000006c6e405f8,0x00000006d1500000)
 Metaspace       used 16947K, capacity 17252K, committed 17536K, reserved 1064960K
  class space    used 1974K, capacity 2081K, committed 2176K, reserved 1048576K
Event: 6.470 GC heap after
Heap after GC invocations=3 (full 0):
 PSYoungGen      total 139264K, used 10224K [0x000000076cf80000, 0x000000077df80000, 0x00000007c0000000)
  eden space 129024K, 0% used [0x000000076cf80000,0x000000076cf80000,0x0000000774d80000)
  from space 10240K, 99% used [0x0000000774d80000,0x000000077577c010,0x0000000775780000)
  to   space 10240K, 0% used [0x000000077d580000,0x000000077d580000,0x000000077df80000)
 ParOldGen       total 171008K, used 7939K [0x00000006c6e00000, 0x00000006d1500000, 0x000000076cf80000)
  object space 171008K, 4% used [0x00000006c6e00000,0x00000006c75c0d00,0x00000006d1500000)
 Metaspace       used 16947K, capacity 17252K, committed 17536K, reserved 1064960K
  class space    used 1974K, capacity 2081K, committed 2176K, reserved 1048576K
}
Event: 8.507 GC heap before
{Heap before GC invocations=4 (full 0):
 PSYoungGen      total 139264K, used 139248K [0x000000076cf80000, 0x000000077df80000, 0x00000007c0000000)
  eden space 129024K, 100% used [0x000000076cf80000,0x0000000774d80000,0x0000000774d80000)
  from space 10240K, 99% used [0x0000000774d80000,0x000000077577c010,0x0000000775780000)
  to   space 10240K, 0% used [0x000000077d580000,0x000000077d580000,0x000000077df80000)
 ParOldGen       total 171008K, used 7939K [0x00000006c6e00000, 0x00000006d1500000, 0x000000076cf80000)
  object space 171008K, 4% used [0x00000006c6e00000,0x00000006c75c0d00,0x00000006d1500000)
 Metaspace       used 18875K, capacity 19460K, committed 19584K, reserved 1067008K
  class space    used 2172K, capacity 2342K, committed 2432K, reserved 1048576K
Event: 8.583 GC heap after
Heap after GC invocations=4 (full 0):
 PSYoungGen      total 268288K, used 10208K [0x000000076cf80000, 0x000000077df80000, 0x00000007c0000000)
  eden space 258048K, 0% used [0x000000076cf80000,0x000000076cf80000,0x000000077cb80000)
  from space 10240K, 99% used [0x000000077d580000,0x000000077df78020,0x000000077df80000)
  to   space 10240K, 0% used [0x000000077cb80000,0x000000077cb80000,0x000000077d580000)
 ParOldGen       total 171008K, used 15012K [0x00000006c6e00000, 0x00000006d1500000, 0x000000076cf80000)
  object space 171008K, 8% used [0x00000006c6e00000,0x00000006c7ca92a0,0x00000006d1500000)
 Metaspace       used 18875K, capacity 19460K, committed 19584K, reserved 1067008K
  class space    used 2172K, capacity 2342K, committed 2432K, reserved 1048576K
}
Event: 9.363 GC heap before
{Heap before GC invocations=5 (full 0):
 PSYoungGen      total 268288K, used 34066K [0x000000076cf80000, 0x000000077df80000, 0x00000007c0000000)
  eden space 258048K, 9% used [0x000000076cf80000,0x000000076e6cc878,0x000000077cb80000)
  from space 10240K, 99% used [0x000000077d580000,0x000000077df78020,0x000000077df80000)
  to   space 10240K, 0% used [0x000000077cb80000,0x000000077cb80000,0x000000077d580000)
 ParOldGen       total 171008K, used 15012K [0x00000006c6e00000, 0x00000006d1500000, 0x000000076cf80000)
  object space 171008K, 8% used [0x00000006c6e00000,0x00000006c7ca92a0,0x00000006d1500000)
 Metaspace       used 20512K, capacity 21136K, committed 21296K, reserved 1069056K
  class space    used 2411K, capacity 2582K, committed 2608K, reserved 1048576K

